<?xml version="1.0" encoding="UTF-8"?>
<testng-results skipped="0" failed="0" ignored="0" total="2" passed="2">
  <reporter-output>
  </reporter-output>
  <suite name="Default suite" duration-ms="69" started-at="2020-08-15T20:21:23Z" finished-at="2020-08-15T20:21:23Z">
    <groups>
    </groups>
    <test name="Default test" duration-ms="69" started-at="2020-08-15T20:21:23Z" finished-at="2020-08-15T20:21:23Z">
      <class name="testng">
        <test-method status="PASS" signature="m1()[pri:0, instance:testng@7d9d1a19]" name="m1" duration-ms="11" started-at="2020-08-15T20:21:23Z" finished-at="2020-08-15T20:21:23Z">
          <reporter-output>
          </reporter-output>
        </test-method> <!-- m1 -->
        <test-method status="PASS" signature="m2()[pri:0, instance:testng@7d9d1a19]" name="m2" duration-ms="1" started-at="2020-08-15T20:21:23Z" finished-at="2020-08-15T20:21:23Z">
          <reporter-output>
          </reporter-output>
        </test-method> <!-- m2 -->
      </class> <!-- testng -->
    </test> <!-- Default test -->
  </suite> <!-- Default suite -->
</testng-results>
